<?xml version="1.0" encoding="UTF-8" ?>
<testsuite failures="0" time="9.162" errors="0" skipped="1" tests="5" name="org.xmlcml.cml.chemdraw.ChemDrawConverterTest">
  <properties>
[...]
</properties>
  <testcase time="0.996" classname="org.xmlcml.cml.chemdraw.ChemDrawConverterTest" name="testChemDrawConverter0"/>
  <testcase time="5.75" classname="org.xmlcml.cml.chemdraw.ChemDrawConverterTest" name="testChemDrawConverter80"/>
  <testcase time="0.41" classname="org.xmlcml.cml.chemdraw.ChemDrawConverterTest" name="testCDXML2CML"/>
  <testcase time="1.87" classname="org.xmlcml.cml.chemdraw.ChemDrawConverterTest" name="testChemDrawConverter"/>
  <testcase time="1.873" classname="org.xmlcml.cml.chemdraw.ChemDrawConverterTest" name="testChemDrawConverter3D">
    <skipped/>
  </testcase>
</testsuite>